<?xml version="1.0" encoding="UTF-8"?>
<!-- Generated by org.testng.reporters.JUnitReportReporter -->
<testsuite hostname="LAPTOP-BPC4M7VC" failures="0" tests="3" name="TestRunner.Runner" time="42.545" errors="0" timestamp="2024-08-20T19:17:12 TRT" skipped="0">
  <testcase classname="TestRunner.Runner" name="runScenario" time="14.245"/>
  <testcase classname="TestRunner.Runner" name="runScenario" time="15.220"/>
  <testcase classname="TestRunner.Runner" name="runScenario" time="13.080"/>
</testsuite> <!-- TestRunner.Runner -->
